  AI.cpp
  Chess.cpp
  ChessGame.cpp
C:\Users\21717\source\repos\aichess\Chess.cpp(68,56): warning C4244: “参数”: 从“float”转换到“int”，可能丢失数据
C:\Users\21717\source\repos\aichess\Chess.cpp(68,45): warning C4244: “参数”: 从“float”转换到“int”，可能丢失数据
C:\Users\21717\source\repos\aichess\Chess.cpp(69,56): warning C4244: “参数”: 从“float”转换到“int”，可能丢失数据
C:\Users\21717\source\repos\aichess\Chess.cpp(69,45): warning C4244: “参数”: 从“float”转换到“int”，可能丢失数据
C:\Users\21717\source\repos\aichess\Chess.cpp(84,10): warning C4244: “初始化”: 从“float”转换到“int”，可能丢失数据
C:\Users\21717\source\repos\aichess\Chess.cpp(85,10): warning C4244: “初始化”: 从“float”转换到“int”，可能丢失数据
C:\Users\21717\source\repos\aichess\Chess.cpp(86,18): warning C4244: “初始化”: 从“float”转换到“int”，可能丢失数据
C:\Users\21717\source\repos\aichess\Chess.cpp(87,18): warning C4244: “初始化”: 从“float”转换到“int”，可能丢失数据
C:\Users\21717\source\repos\aichess\Chess.cpp(88,13): warning C4244: “初始化”: 从“double”转换到“int”，可能丢失数据
C:\Users\21717\source\repos\aichess\Chess.cpp(92,13): warning C4244: “=”: 从“double”转换到“int”，可能丢失数据
C:\Users\21717\source\repos\aichess\Chess.cpp(102,10): warning C4244: “初始化”: 从“float”转换到“int”，可能丢失数据
C:\Users\21717\source\repos\aichess\Chess.cpp(104,13): warning C4244: “=”: 从“double”转换到“int”，可能丢失数据
C:\Users\21717\source\repos\aichess\Chess.cpp(115,20): warning C4244: “=”: 从“float”转换到“int”，可能丢失数据
C:\Users\21717\source\repos\aichess\Chess.cpp(116,13): warning C4244: “=”: 从“double”转换到“int”，可能丢失数据
C:\Users\21717\source\repos\aichess\Chess.cpp(126,20): warning C4244: “=”: 从“float”转换到“int”，可能丢失数据
C:\Users\21717\source\repos\aichess\Chess.cpp(127,20): warning C4244: “=”: 从“float”转换到“int”，可能丢失数据
C:\Users\21717\source\repos\aichess\Chess.cpp(128,13): warning C4244: “=”: 从“double”转换到“int”，可能丢失数据
C:\Users\21717\source\repos\aichess\Chess.cpp(145,8): warning C4244: “初始化”: 从“double”转换到“int”，可能丢失数据
C:\Users\21717\source\repos\aichess\Chess.cpp(146,8): warning C4244: “初始化”: 从“double”转换到“int”，可能丢失数据
  Man.cpp
  源.cpp
C:\Users\21717\source\repos\aichess\源.cpp(7,23): warning C4305: “参数”: 从“double”到“float”截断
  正在生成代码...
  aichess.vcxproj -> C:\Users\21717\source\repos\aichess\x64\Debug\aichess.exe
