c:\users\21717\source\repos\aichess\aichess\x64\debug\vc143.pdb
c:\users\21717\source\repos\aichess\aichess\x64\debug\vc143.idb
c:\users\21717\source\repos\aichess\aichess\x64\debug\man.obj
c:\users\21717\source\repos\aichess\aichess\x64\debug\chessgame.obj
c:\users\21717\source\repos\aichess\aichess\x64\debug\chess.obj
c:\users\21717\source\repos\aichess\aichess\x64\debug\ai.obj
c:\users\21717\source\repos\aichess\x64\debug\aichess.pdb
c:\users\21717\source\repos\aichess\aichess\x64\debug\aichess.tlog\cl.command.1.tlog
c:\users\21717\source\repos\aichess\aichess\x64\debug\aichess.tlog\cl.read.1.tlog
c:\users\21717\source\repos\aichess\aichess\x64\debug\aichess.tlog\cl.write.1.tlog
c:\users\21717\source\repos\aichess\aichess\x64\debug\aichess.tlog\link-cvtres.read.1.tlog
c:\users\21717\source\repos\aichess\aichess\x64\debug\aichess.tlog\link-cvtres.write.1.tlog
c:\users\21717\source\repos\aichess\aichess\x64\debug\aichess.tlog\link-rc.read.1.tlog
c:\users\21717\source\repos\aichess\aichess\x64\debug\aichess.tlog\link-rc.write.1.tlog
c:\users\21717\source\repos\aichess\aichess\x64\debug\aichess.tlog\link.command.1.tlog
c:\users\21717\source\repos\aichess\aichess\x64\debug\aichess.tlog\link.read.1.tlog
c:\users\21717\source\repos\aichess\aichess\x64\debug\aichess.tlog\link.read.2.tlog
c:\users\21717\source\repos\aichess\aichess\x64\debug\aichess.tlog\link.read.3.tlog
c:\users\21717\source\repos\aichess\aichess\x64\debug\aichess.tlog\link.read.4.tlog
c:\users\21717\source\repos\aichess\aichess\x64\debug\aichess.tlog\link.read.5.tlog
c:\users\21717\source\repos\aichess\aichess\x64\debug\aichess.tlog\link.write.1.tlog
